<?xml version="1.0" encoding="UTF-8"?>
<testsuite name="com.hyeonwoo.book.springboot.web.dto.HelloResponseDtoTest" tests="1" skipped="0" failures="0" errors="0" timestamp="2022-06-11T06:18:41" hostname="hyeonwoo.local" time="0.001">
  <properties/>
  <testcase name="롬복_기능_테스트" classname="com.hyeonwoo.book.springboot.web.dto.HelloResponseDtoTest" time="0.001"/>
  <system-out><![CDATA[]]></system-out>
  <system-err><![CDATA[]]></system-err>
</testsuite>
